{"numFailedTestSuites":3,"numFailedTests":3,"numPassedTestSuites":5,"numPassedTests":7,"numPendingTestSuites":0,"numPendingTests":0,"numRuntimeErrorTestSuites":0,"numTodoTests":0,"numTotalTestSuites":8,"numTotalTests":10,"openHandles":[],"snapshot":{"added":0,"didUpdate":false,"failure":false,"filesAdded":0,"filesRemoved":0,"filesRemovedList":[],"filesUnmatched":0,"filesUpdated":0,"matched":0,"total":0,"unchecked":0,"uncheckedKeysByFile":[],"unmatched":0,"updated":0},"startTime":1764573775614,"success":false,"testResults":[{"assertionResults":[{"ancestorTitles":[],"failureMessages":[],"fullName":"redirects unauthenticated users to login","location":null,"status":"passed","title":"redirects unauthenticated users to login"},{"ancestorTitles":[],"failureMessages":[],"fullName":"renders outlet when authenticated","location":null,"status":"passed","title":"renders outlet when authenticated"},{"ancestorTitles":[],"failureMessages":[],"fullName":"shows loading state when loading","location":null,"status":"passed","title":"shows loading state when loading"}],"endTime":1764573777687,"message":"","name":"/home/kavia/workspace/code-generation/global-investment-insights-213682-213701/investment_web_frontend/src/__tests__/test_ProtectedRoute.test.js","startTime":1764573776595,"status":"passed","summary":""},{"assertionResults":[{"ancestorTitles":[],"failureMessages":[],"fullName":"onboarding navigates through steps and submits","location":null,"status":"passed","title":"onboarding navigates through steps and submits"}],"endTime":1764573777698,"message":"","name":"/home/kavia/workspace/code-generation/global-investment-insights-213682-213701/investment_web_frontend/src/__tests__/test_Onboarding.test.js","startTime":1764573776624,"status":"passed","summary":""},{"assertionResults":[{"ancestorTitles":[],"failureMessages":[],"fullName":"renders App without crashing","location":null,"status":"passed","title":"renders App without crashing"}],"endTime":1764573777754,"message":"","name":"/home/kavia/workspace/code-generation/global-investment-insights-213682-213701/investment_web_frontend/src/App.test.js","startTime":1764573776596,"status":"passed","summary":""},{"assertionResults":[{"ancestorTitles":[],"failureMessages":[],"fullName":"login submits and calls context login","location":null,"status":"passed","title":"login submits and calls context login"}],"endTime":1764573777809,"message":"","name":"/home/kavia/workspace/code-generation/global-investment-insights-213682-213701/investment_web_frontend/src/__tests__/test_Login.test.js","startTime":1764573776681,"status":"passed","summary":""},{"assertionResults":[{"ancestorTitles":[],"failureMessages":[],"fullName":"register calls context register","location":null,"status":"passed","title":"register calls context register"}],"endTime":1764573777819,"message":"","name":"/home/kavia/workspace/code-generation/global-investment-insights-213682-213701/investment_web_frontend/src/__tests__/test_Register.test.js","startTime":1764573776662,"status":"passed","summary":""},{"assertionResults":[{"ancestorTitles":[],"failureMessages":["Error: expect(element).toHaveTextContent()\n\nExpected element to have text content:\n  /Default/\nReceived:\n\n\nIgnored nodes: comments, script, style\n\u001b[36m<html>\u001b[39m\n  \u001b[36m<head />\u001b[39m\n  \u001b[36m<body>\u001b[39m\n    \u001b[36m<div>\u001b[39m\n      \u001b[36m<div\u001b[39m\n        \u001b[33mclass\u001b[39m=\u001b[32m\"container\"\u001b[39m\n      \u001b[36m>\u001b[39m\n        \u001b[36m<h1>\u001b[39m\n          \u001b[0mYour Portfolio\u001b[0m\n        \u001b[36m</h1>\u001b[39m\n        \u001b[36m<div\u001b[39m\n          \u001b[33mclass\u001b[39m=\u001b[32m\"grid\"\u001b[39m\n          \u001b[33mstyle\u001b[39m=\u001b[32m\"grid-template-columns: repeat(auto-fit, minmax(260px, 1fr));\"\u001b[39m\n        \u001b[36m>\u001b[39m\n          \u001b[36m<div\u001b[39m\n            \u001b[33mclass\u001b[39m=\u001b[32m\"card\"\u001b[39m\n          \u001b[36m>\u001b[39m\n            \u001b[36m<h3>\u001b[39m\n              \u001b[0mSummary\u001b[0m\n            \u001b[36m</h3>\u001b[39m\n            \u001b[36m<div\u001b[39m\n              \u001b[33mdata-testid\u001b[39m=\u001b[32m\"portfolio-name\"\u001b[39m\n            \u001b[36m/>\u001b[39m\n            \u001b[36m<pre\u001b[39m\n              \u001b[33mstyle\u001b[39m=\u001b[32m\"white-space: pre-wrap;\"\u001b[39m\n            \u001b[36m>\u001b[39m\n              \u001b[0mLoading...\u001b[0m\n            \u001b[36m</pre>\u001b[39m\n          \u001b[36m</div>\u001b[39m\n        \u001b[36m</div>\u001b[39m\n      \u001b[36m</div>\u001b[39m\n    \u001b[36m</div>\u001b[39m\n  \u001b[36m</body>\u001b[39m\n\u001b[36m</html>\u001b[39m\n    at /home/kavia/workspace/code-generation/global-investment-insights-213682-213701/investment_web_frontend/src/__tests__/test_Portfolio.test.js:17:20"],"fullName":"renders portfolio summary","location":null,"status":"failed","title":"renders portfolio summary"}],"endTime":1764573778964,"message":"  ● renders portfolio summary\n\n    expect(element).toHaveTextContent()\n\n    Expected element to have text content:\n      /Default/\n    Received:\n\n\n    Ignored nodes: comments, script, style\n    \u001b[36m<html>\u001b[39m\n      \u001b[36m<head />\u001b[39m\n      \u001b[36m<body>\u001b[39m\n        \u001b[36m<div>\u001b[39m\n          \u001b[36m<div\u001b[39m\n            \u001b[33mclass\u001b[39m=\u001b[32m\"container\"\u001b[39m\n          \u001b[36m>\u001b[39m\n            \u001b[36m<h1>\u001b[39m\n              \u001b[0mYour Portfolio\u001b[0m\n            \u001b[36m</h1>\u001b[39m\n            \u001b[36m<div\u001b[39m\n              \u001b[33mclass\u001b[39m=\u001b[32m\"grid\"\u001b[39m\n              \u001b[33mstyle\u001b[39m=\u001b[32m\"grid-template-columns: repeat(auto-fit, minmax(260px, 1fr));\"\u001b[39m\n            \u001b[36m>\u001b[39m\n              \u001b[36m<div\u001b[39m\n                \u001b[33mclass\u001b[39m=\u001b[32m\"card\"\u001b[39m\n              \u001b[36m>\u001b[39m\n                \u001b[36m<h3>\u001b[39m\n                  \u001b[0mSummary\u001b[0m\n                \u001b[36m</h3>\u001b[39m\n                \u001b[36m<div\u001b[39m\n                  \u001b[33mdata-testid\u001b[39m=\u001b[32m\"portfolio-name\"\u001b[39m\n                \u001b[36m/>\u001b[39m\n                \u001b[36m<pre\u001b[39m\n                  \u001b[33mstyle\u001b[39m=\u001b[32m\"white-space: pre-wrap;\"\u001b[39m\n                \u001b[36m>\u001b[39m\n                  \u001b[0mLoading...\u001b[0m\n                \u001b[36m</pre>\u001b[39m\n              \u001b[36m</div>\u001b[39m\n            \u001b[36m</div>\u001b[39m\n          \u001b[36m</div>\u001b[39m\n        \u001b[36m</div>\u001b[39m\n      \u001b[36m</body>\u001b[39m\n    \u001b[36m</html>\u001b[39m\n\n    \u001b[0m \u001b[90m 15 |\u001b[39m   \u001b[36mawait\u001b[39m waitFor(\u001b[36masync\u001b[39m () \u001b[33m=>\u001b[39m {\n     \u001b[90m 16 |\u001b[39m     \u001b[36mconst\u001b[39m nameEl \u001b[33m=\u001b[39m \u001b[36mawait\u001b[39m screen\u001b[33m.\u001b[39mfindByTestId(\u001b[32m'portfolio-name'\u001b[39m)\u001b[33m;\u001b[39m\n    \u001b[31m\u001b[1m>\u001b[22m\u001b[39m\u001b[90m 17 |\u001b[39m     expect(nameEl)\u001b[33m.\u001b[39mtoHaveTextContent(\u001b[35m/Default/\u001b[39m)\u001b[33m;\u001b[39m\n     \u001b[90m    |\u001b[39m                    \u001b[31m\u001b[1m^\u001b[22m\u001b[39m\n     \u001b[90m 18 |\u001b[39m   })\u001b[33m;\u001b[39m\n     \u001b[90m 19 |\u001b[39m })\u001b[33m;\u001b[39m\n     \u001b[90m 20 |\u001b[39m\u001b[0m\n\n      at src/__tests__/test_Portfolio.test.js:17:20\n","name":"/home/kavia/workspace/code-generation/global-investment-insights-213682-213701/investment_web_frontend/src/__tests__/test_Portfolio.test.js","startTime":1764573776559,"status":"failed","summary":""},{"assertionResults":[{"ancestorTitles":[],"failureMessages":["Error: Unable to find an element with the text: /Apple Inc/i. This could be because the text is broken up by multiple elements. In this case, you can provide a function for your text matcher to make your matcher more flexible.\n\nIgnored nodes: comments, script, style\n\u001b[36m<body>\u001b[39m\n  \u001b[36m<div>\u001b[39m\n    \u001b[36m<div\u001b[39m\n      \u001b[33mclass\u001b[39m=\u001b[32m\"container\"\u001b[39m\n    \u001b[36m>\u001b[39m\n      \u001b[36m<h1>\u001b[39m\n        \u001b[0mInvestment Suggestions\u001b[0m\n      \u001b[36m</h1>\u001b[39m\n      \u001b[36m<div\u001b[39m\n        \u001b[33mclass\u001b[39m=\u001b[32m\"card\"\u001b[39m\n      \u001b[36m>\u001b[39m\n        \u001b[36m<div\u001b[39m\n          \u001b[33mclass\u001b[39m=\u001b[32m\"grid\"\u001b[39m\n          \u001b[33mstyle\u001b[39m=\u001b[32m\"grid-template-columns: 1fr 1fr auto; align-items: end;\"\u001b[39m\n        \u001b[36m>\u001b[39m\n          \u001b[36m<div\u001b[39m\n            \u001b[33mclass\u001b[39m=\u001b[32m\"form-row\"\u001b[39m\n          \u001b[36m>\u001b[39m\n            \u001b[36m<label\u001b[39m\n              \u001b[33mclass\u001b[39m=\u001b[32m\"label\"\u001b[39m\n            \u001b[36m>\u001b[39m\n              \u001b[0mAmount\u001b[0m\n            \u001b[36m</label>\u001b[39m\n            \u001b[36m<input\u001b[39m\n              \u001b[33mclass\u001b[39m=\u001b[32m\"input\"\u001b[39m\n              \u001b[33mtype\u001b[39m=\u001b[32m\"number\"\u001b[39m\n              \u001b[33mvalue\u001b[39m=\u001b[32m\"1000\"\u001b[39m\n            \u001b[36m/>\u001b[39m\n          \u001b[36m</div>\u001b[39m\n          \u001b[36m<div\u001b[39m\n            \u001b[33mclass\u001b[39m=\u001b[32m\"form-row\"\u001b[39m\n          \u001b[36m>\u001b[39m\n            \u001b[36m<label\u001b[39m\n              \u001b[33mclass\u001b[39m=\u001b[32m\"label\"\u001b[39m\n            \u001b[36m>\u001b[39m\n              \u001b[0mMarket\u001b[0m\n            \u001b[36m</label>\u001b[39m\n            \u001b[36m<select\u001b[39m\n              \u001b[33mclass\u001b[39m=\u001b[32m\"input\"\u001b[39m\n            \u001b[36m>\u001b[39m\n              \u001b[36m<option\u001b[39m\n                \u001b[33mvalue\u001b[39m=\u001b[32m\"US\"\u001b[39m\n              \u001b[36m>\u001b[39m\n                \u001b[0mUS\u001b[0m\n              \u001b[36m</option>\u001b[39m\n              \u001b[36m<option\u001b[39m\n                \u001b[33mvalue\u001b[39m=\u001b[32m\"India\"\u001b[39m\n              \u001b[36m>\u001b[39m\n                \u001b[0mIndia\u001b[0m\n              \u001b[36m</option>\u001b[39m\n            \u001b[36m</select>\u001b[39m\n          \u001b[36m</div>\u001b[39m\n          \u001b[36m<button\u001b[39m\n            \u001b[33mclass\u001b[39m=\u001b[32m\"btn\"\u001b[39m\n          \u001b[36m>\u001b[39m\n            \u001b[0mRefresh\u001b[0m\n          \u001b[36m</button>\u001b[39m\n        \u001b[36m</div>\u001b[39m\n      \u001b[36m</div>\u001b[39m\n      \u001b[36m<div\u001b[39m\n        \u001b[33mclass\u001b[39m=\u001b[32m\"grid\"\u001b[39m\n        \u001b[33mstyle\u001b[39m=\u001b[32m\"grid-template-columns: repeat(auto-fit, minmax(260px, 1fr)); margin-top: 16px;\"\u001b[39m\n      \u001b[36m>\u001b[39m\n        \u001b[36m<div\u001b[39m\n          \u001b[33mclass\u001b[39m=\u001b[32m\"card\"\u001b[39m\n        \u001b[36m>\u001b[39m\n          \u001b[36m<p>\u001b[39m\n            \u001b[0mNo suggestions yet.\u001b[0m\n          \u001b[36m</p>\u001b[39m\n        \u001b[36m</div>\u001b[39m\n      \u001b[36m</div>\u001b[39m\n    \u001b[36m</div>\u001b[39m\n  \u001b[36m</div>\u001b[39m\n\u001b[36m</body>\u001b[39m\n    at waitForWrapper (/home/kavia/workspace/code-generation/global-investment-insights-213682-213701/investment_web_frontend/node_modules/@testing-library/dom/dist/wait-for.js:163:27)\n    at findByText (/home/kavia/workspace/code-generation/global-investment-insights-213682-213701/investment_web_frontend/node_modules/@testing-library/dom/dist/query-helpers.js:86:33)\n    at Object.<anonymous> (/home/kavia/workspace/code-generation/global-investment-insights-213682-213701/investment_web_frontend/src/__tests__/test_Suggestions.test.js:17:34)\n    at Promise.then.completed (/home/kavia/workspace/code-generation/global-investment-insights-213682-213701/investment_web_frontend/node_modules/react-scripts/node_modules/jest-circus/build/utils.js:391:28)\n    at new Promise (<anonymous>)\n    at callAsyncCircusFn (/home/kavia/workspace/code-generation/global-investment-insights-213682-213701/investment_web_frontend/node_modules/react-scripts/node_modules/jest-circus/build/utils.js:316:10)\n    at _callCircusTest (/home/kavia/workspace/code-generation/global-investment-insights-213682-213701/investment_web_frontend/node_modules/react-scripts/node_modules/jest-circus/build/run.js:218:40)\n    at processTicksAndRejections (node:internal/process/task_queues:95:5)\n    at _runTest (/home/kavia/workspace/code-generation/global-investment-insights-213682-213701/investment_web_frontend/node_modules/react-scripts/node_modules/jest-circus/build/run.js:155:3)\n    at _runTestsForDescribeBlock (/home/kavia/workspace/code-generation/global-investment-insights-213682-213701/investment_web_frontend/node_modules/react-scripts/node_modules/jest-circus/build/run.js:66:9)\n    at run (/home/kavia/workspace/code-generation/global-investment-insights-213682-213701/investment_web_frontend/node_modules/react-scripts/node_modules/jest-circus/build/run.js:25:3)\n    at runAndTransformResultsToJestFormat (/home/kavia/workspace/code-generation/global-investment-insights-213682-213701/investment_web_frontend/node_modules/react-scripts/node_modules/jest-circus/build/legacy-code-todo-rewrite/jestAdapterInit.js:170:21)\n    at jestAdapter (/home/kavia/workspace/code-generation/global-investment-insights-213682-213701/investment_web_frontend/node_modules/react-scripts/node_modules/jest-circus/build/legacy-code-todo-rewrite/jestAdapter.js:82:19)\n    at runTestInternal (/home/kavia/workspace/code-generation/global-investment-insights-213682-213701/investment_web_frontend/node_modules/react-scripts/node_modules/jest-runner/build/runTest.js:389:16)\n    at runTest (/home/kavia/workspace/code-generation/global-investment-insights-213682-213701/investment_web_frontend/node_modules/react-scripts/node_modules/jest-runner/build/runTest.js:475:34)\n    at Object.worker (/home/kavia/workspace/code-generation/global-investment-insights-213682-213701/investment_web_frontend/node_modules/react-scripts/node_modules/jest-runner/build/testWorker.js:133:12)"],"fullName":"renders suggestions list","location":null,"status":"failed","title":"renders suggestions list"}],"endTime":1764573779031,"message":"  ● renders suggestions list\n\n    Unable to find an element with the text: /Apple Inc/i. This could be because the text is broken up by multiple elements. In this case, you can provide a function for your text matcher to make your matcher more flexible.\n\n    Ignored nodes: comments, script, style\n    \u001b[36m<body>\u001b[39m\n      \u001b[36m<div>\u001b[39m\n        \u001b[36m<div\u001b[39m\n          \u001b[33mclass\u001b[39m=\u001b[32m\"container\"\u001b[39m\n        \u001b[36m>\u001b[39m\n          \u001b[36m<h1>\u001b[39m\n            \u001b[0mInvestment Suggestions\u001b[0m\n          \u001b[36m</h1>\u001b[39m\n          \u001b[36m<div\u001b[39m\n            \u001b[33mclass\u001b[39m=\u001b[32m\"card\"\u001b[39m\n          \u001b[36m>\u001b[39m\n            \u001b[36m<div\u001b[39m\n              \u001b[33mclass\u001b[39m=\u001b[32m\"grid\"\u001b[39m\n              \u001b[33mstyle\u001b[39m=\u001b[32m\"grid-template-columns: 1fr 1fr auto; align-items: end;\"\u001b[39m\n            \u001b[36m>\u001b[39m\n              \u001b[36m<div\u001b[39m\n                \u001b[33mclass\u001b[39m=\u001b[32m\"form-row\"\u001b[39m\n              \u001b[36m>\u001b[39m\n                \u001b[36m<label\u001b[39m\n                  \u001b[33mclass\u001b[39m=\u001b[32m\"label\"\u001b[39m\n                \u001b[36m>\u001b[39m\n                  \u001b[0mAmount\u001b[0m\n                \u001b[36m</label>\u001b[39m\n                \u001b[36m<input\u001b[39m\n                  \u001b[33mclass\u001b[39m=\u001b[32m\"input\"\u001b[39m\n                  \u001b[33mtype\u001b[39m=\u001b[32m\"number\"\u001b[39m\n                  \u001b[33mvalue\u001b[39m=\u001b[32m\"1000\"\u001b[39m\n                \u001b[36m/>\u001b[39m\n              \u001b[36m</div>\u001b[39m\n              \u001b[36m<div\u001b[39m\n                \u001b[33mclass\u001b[39m=\u001b[32m\"form-row\"\u001b[39m\n              \u001b[36m>\u001b[39m\n                \u001b[36m<label\u001b[39m\n                  \u001b[33mclass\u001b[39m=\u001b[32m\"label\"\u001b[39m\n                \u001b[36m>\u001b[39m\n                  \u001b[0mMarket\u001b[0m\n                \u001b[36m</label>\u001b[39m\n                \u001b[36m<select\u001b[39m\n                  \u001b[33mclass\u001b[39m=\u001b[32m\"input\"\u001b[39m\n                \u001b[36m>\u001b[39m\n                  \u001b[36m<option\u001b[39m\n                    \u001b[33mvalue\u001b[39m=\u001b[32m\"US\"\u001b[39m\n                  \u001b[36m>\u001b[39m\n                    \u001b[0mUS\u001b[0m\n                  \u001b[36m</option>\u001b[39m\n                  \u001b[36m<option\u001b[39m\n                    \u001b[33mvalue\u001b[39m=\u001b[32m\"India\"\u001b[39m\n                  \u001b[36m>\u001b[39m\n                    \u001b[0mIndia\u001b[0m\n                  \u001b[36m</option>\u001b[39m\n                \u001b[36m</select>\u001b[39m\n              \u001b[36m</div>\u001b[39m\n              \u001b[36m<button\u001b[39m\n                \u001b[33mclass\u001b[39m=\u001b[32m\"btn\"\u001b[39m\n              \u001b[36m>\u001b[39m\n                \u001b[0mRefresh\u001b[0m\n              \u001b[36m</button>\u001b[39m\n            \u001b[36m</div>\u001b[39m\n          \u001b[36m</div>\u001b[39m\n          \u001b[36m<div\u001b[39m\n            \u001b[33mclass\u001b[39m=\u001b[32m\"grid\"\u001b[39m\n            \u001b[33mstyle\u001b[39m=\u001b[32m\"grid-template-columns: repeat(auto-fit, minmax(260px, 1fr)); margin-top: 16px;\"\u001b[39m\n          \u001b[36m>\u001b[39m\n            \u001b[36m<div\u001b[39m\n              \u001b[33mclass\u001b[39m=\u001b[32m\"card\"\u001b[39m\n            \u001b[36m>\u001b[39m\n              \u001b[36m<p>\u001b[39m\n                \u001b[0mNo suggestions yet.\u001b[0m\n              \u001b[36m</p>\u001b[39m\n            \u001b[36m</div>\u001b[39m\n          \u001b[36m</div>\u001b[39m\n        \u001b[36m</div>\u001b[39m\n      \u001b[36m</div>\u001b[39m\n    \u001b[36m</body>\u001b[39m\n\n    \u001b[0m \u001b[90m 15 |\u001b[39m\n     \u001b[90m 16 |\u001b[39m   \u001b[90m// Wait for suggestion summary text to appear\u001b[39m\n    \u001b[31m\u001b[1m>\u001b[22m\u001b[39m\u001b[90m 17 |\u001b[39m   \u001b[36mconst\u001b[39m summaryEl \u001b[33m=\u001b[39m \u001b[36mawait\u001b[39m screen\u001b[33m.\u001b[39mfindByText(\u001b[35m/Apple Inc/i\u001b[39m)\u001b[33m;\u001b[39m\n     \u001b[90m    |\u001b[39m                                  \u001b[31m\u001b[1m^\u001b[22m\u001b[39m\n     \u001b[90m 18 |\u001b[39m\n     \u001b[90m 19 |\u001b[39m   \u001b[90m// Assert suggestion content is rendered and stable\u001b[39m\n     \u001b[90m 20 |\u001b[39m   \u001b[36mawait\u001b[39m waitFor(() \u001b[33m=>\u001b[39m {\u001b[0m\n\n      at waitForWrapper (node_modules/@testing-library/dom/dist/wait-for.js:163:27)\n      at findByText (node_modules/@testing-library/dom/dist/query-helpers.js:86:33)\n      at Object.<anonymous> (src/__tests__/test_Suggestions.test.js:17:34)\n","name":"/home/kavia/workspace/code-generation/global-investment-insights-213682-213701/investment_web_frontend/src/__tests__/test_Suggestions.test.js","startTime":1764573776614,"status":"failed","summary":""},{"assertionResults":[{"ancestorTitles":[],"failureMessages":["Error: expect(received).toBe(expected) // Object.is equality\n\nExpected: \"me@example.com\"\nReceived: \"\"\n\nIgnored nodes: comments, script, style\n\u001b[36m<html>\u001b[39m\n  \u001b[36m<head />\u001b[39m\n  \u001b[36m<body>\u001b[39m\n    \u001b[36m<div>\u001b[39m\n      \u001b[36m<div>\u001b[39m\n        \u001b[36m<div\u001b[39m\n          \u001b[33mdata-testid\u001b[39m=\u001b[32m\"is-auth\"\u001b[39m\n        \u001b[36m>\u001b[39m\n          \u001b[0mtrue\u001b[0m\n        \u001b[36m</div>\u001b[39m\n        \u001b[36m<div\u001b[39m\n          \u001b[33mdata-testid\u001b[39m=\u001b[32m\"user\"\u001b[39m\n        \u001b[36m/>\u001b[39m\n      \u001b[36m</div>\u001b[39m\n    \u001b[36m</div>\u001b[39m\n  \u001b[36m</body>\u001b[39m\n\u001b[36m</html>\u001b[39m\n    at /home/kavia/workspace/code-generation/global-investment-insights-213682-213701/investment_web_frontend/src/__tests__/test_AuthContext.test.js:37:52\n    at runWithExpensiveErrorDiagnosticsDisabled (/home/kavia/workspace/code-generation/global-investment-insights-213682-213701/investment_web_frontend/node_modules/@testing-library/dom/dist/config.js:47:12)\n    at checkCallback (/home/kavia/workspace/code-generation/global-investment-insights-213682-213701/investment_web_frontend/node_modules/@testing-library/dom/dist/wait-for.js:124:77)\n    at checkRealTimersCallback (/home/kavia/workspace/code-generation/global-investment-insights-213682-213701/investment_web_frontend/node_modules/@testing-library/dom/dist/wait-for.js:118:16)\n    at Timeout.task [as _onTimeout] (/home/kavia/workspace/code-generation/global-investment-insights-213682-213701/investment_web_frontend/node_modules/jsdom/lib/jsdom/browser/Window.js:516:19)\n    at listOnTimeout (node:internal/timers:569:17)\n    at processTimers (node:internal/timers:512:7)"],"fullName":"AuthProvider initializes and supports login","location":null,"status":"failed","title":"AuthProvider initializes and supports login"}],"endTime":1764573779074,"message":"  ● AuthProvider initializes and supports login\n\n    expect(received).toBe(expected) // Object.is equality\n\n    Expected: \"me@example.com\"\n    Received: \"\"\n\n    Ignored nodes: comments, script, style\n    \u001b[36m<html>\u001b[39m\n      \u001b[36m<head />\u001b[39m\n      \u001b[36m<body>\u001b[39m\n        \u001b[36m<div>\u001b[39m\n          \u001b[36m<div>\u001b[39m\n            \u001b[36m<div\u001b[39m\n              \u001b[33mdata-testid\u001b[39m=\u001b[32m\"is-auth\"\u001b[39m\n            \u001b[36m>\u001b[39m\n              \u001b[0mtrue\u001b[0m\n            \u001b[36m</div>\u001b[39m\n            \u001b[36m<div\u001b[39m\n              \u001b[33mdata-testid\u001b[39m=\u001b[32m\"user\"\u001b[39m\n            \u001b[36m/>\u001b[39m\n          \u001b[36m</div>\u001b[39m\n        \u001b[36m</div>\u001b[39m\n      \u001b[36m</body>\u001b[39m\n    \u001b[36m</html>\u001b[39m\n\n    \u001b[0m \u001b[90m 35 |\u001b[39m   \u001b[90m// Wait for me() to resolve and user to be populated\u001b[39m\n     \u001b[90m 36 |\u001b[39m   \u001b[36mawait\u001b[39m waitFor(() \u001b[33m=>\u001b[39m {\n    \u001b[31m\u001b[1m>\u001b[22m\u001b[39m\u001b[90m 37 |\u001b[39m     expect(screen\u001b[33m.\u001b[39mgetByTestId(\u001b[32m'user'\u001b[39m)\u001b[33m.\u001b[39mtextContent)\u001b[33m.\u001b[39mtoBe(\u001b[32m'me@example.com'\u001b[39m)\u001b[33m;\u001b[39m\n     \u001b[90m    |\u001b[39m                                                    \u001b[31m\u001b[1m^\u001b[22m\u001b[39m\n     \u001b[90m 38 |\u001b[39m   })\u001b[33m;\u001b[39m\n     \u001b[90m 39 |\u001b[39m\n     \u001b[90m 40 |\u001b[39m   \u001b[90m// With a token present, isAuthenticated should be true\u001b[39m\u001b[0m\n\n      at src/__tests__/test_AuthContext.test.js:37:52\n      at runWithExpensiveErrorDiagnosticsDisabled (node_modules/@testing-library/dom/dist/config.js:47:12)\n      at checkCallback (node_modules/@testing-library/dom/dist/wait-for.js:124:77)\n      at checkRealTimersCallback (node_modules/@testing-library/dom/dist/wait-for.js:118:16)\n      at Timeout.task [as _onTimeout] (node_modules/jsdom/lib/jsdom/browser/Window.js:516:19)\n","name":"/home/kavia/workspace/code-generation/global-investment-insights-213682-213701/investment_web_frontend/src/__tests__/test_AuthContext.test.js","startTime":1764573776661,"status":"failed","summary":""}],"wasInterrupted":false}